2026-01-23 16:56:45.038 xcodebuild[68728:3281592] [MT] DVTToolchain: Failed to register toolchain: <DVTToolchain:0xcaccec9c0:'org.swift.622202512041a':'Swift 6.2.2 Release 2025-12-04 (a)'>: Error Domain=DVTFoundationErrorDomain Code=-1 "Can't register <DVTFilePath:0xcacce1650:'/Library/Developer/Toolchains/swift-6.2.2-RELEASE.xctoolchain'>; identifier org.swift.622202512041a conflicts with <DVTFilePath:0xcacce1570:'/Users/nisesimadao/Library/Developer/Toolchains/swift-6.2.2-RELEASE.xctoolchain'>" UserInfo={NSLocalizedDescription=Can't register <DVTFilePath:0xcacce1650:'/Library/Developer/Toolchains/swift-6.2.2-RELEASE.xctoolchain'>; identifier org.swift.622202512041a conflicts with <DVTFilePath:0xcacce1570:'/Users/nisesimadao/Library/Developer/Toolchains/swift-6.2.2-RELEASE.xctoolchain'>}
Command line invocation:
    /Applications/Xcode.app/Contents/Developer/usr/bin/xcodebuild -scheme Fetchy -project Fetchy.xcodeproj -configuration Debug -sdk iphonesimulator -destination "platform=iOS Simulator,id=C7DC3F18-670E-4B34-B54E-BE162D0BF0F0" clean build

Build settings from command line:
    SDKROOT = iphonesimulator26.2

2026-01-23 16:56:46.202 xcodebuild[68728:3281592] [MT] IDERunDestination: Supported platforms for the buildables in the current scheme is empty.
/Users/nisesimadao/Library/Developer/Toolchains/swift-6.2.2-RELEASE.xctoolchain:1:1: warning: failed to load toolchain: toolchain 'org.swift.622202512041a' already registered from /Library/Developer/Toolchains/swift-6.2.2-RELEASE.xctoolchain
CreateBuildRequest

SendProjectDescription

CreateBuildOperation

** CLEAN SUCCEEDED **

/Users/nisesimadao/Library/Developer/Toolchains/swift-6.2.2-RELEASE.xctoolchain:1:1: warning: failed to load toolchain: toolchain 'org.swift.622202512041a' already registered from /Library/Developer/Toolchains/swift-6.2.2-RELEASE.xctoolchain
ComputePackagePrebuildTargetDependencyGraph

Prepare packages

CreateBuildRequest

SendProjectDescription

CreateBuildOperation

ComputeTargetDependencyGraph
note: Building targets in dependency order
note: Target dependency graph (2 targets)
    Target 'Fetchy' in project 'Fetchy'
        ➜ Explicit dependency on target 'FetchyShare' in project 'Fetchy'
    Target 'FetchyShare' in project 'Fetchy' (no dependencies)

GatherProvisioningInputs

CreateBuildDescription

ExecuteExternalTool /Applications/Xcode.app/Contents/Developer/Toolchains/XcodeDefault.xctoolchain/usr/bin/clang -v -E -dM -isysroot /Applications/Xcode.app/Contents/Developer/Platforms/iPhoneSimulator.platform/Developer/SDKs/iPhoneSimulator26.2.sdk -x c -c /dev/null

ExecuteExternalTool /Applications/Xcode.app/Contents/Developer/Toolchains/XcodeDefault.xctoolchain/usr/bin/swiftc --version

ExecuteExternalTool /Applications/Xcode.app/Contents/Developer/usr/bin/ibtool --version --output-format xml1

ExecuteExternalTool /Applications/Xcode.app/Contents/Developer/usr/bin/actool --print-asset-tag-combinations --output-format xml1 /Users/nisesimadao/Documents/Coding/Xcode/Fetchy/Fetchy/Assets.xcassets

ExecuteExternalTool /Applications/Xcode.app/Contents/Developer/usr/bin/actool --version --output-format xml1

ExecuteExternalTool /Applications/Xcode.app/Contents/Developer/Toolchains/XcodeDefault.xctoolchain/usr/bin/ld -version_details

Build description signature: 0bb79955a2ab9cae6dbef6be16abd84e
Build description path: /Users/nisesimadao/Library/Developer/Xcode/DerivedData/Fetchy-gdfaerjzxmzqgxdabotajbhubxmw/Build/Intermediates.noindex/XCBuildData/0bb79955a2ab9cae6dbef6be16abd84e.xcbuilddata
error: Multiple commands produce '/Users/nisesimadao/Library/Developer/Xcode/DerivedData/Fetchy-gdfaerjzxmzqgxdabotajbhubxmw/Build/Products/Debug-iphonesimulator/Fetchy.app/Info.plist'
    note: Target 'Fetchy' (project 'Fetchy') has copy command from '/Users/nisesimadao/Documents/Coding/Xcode/Fetchy/Fetchy/FetchyShare/Info.plist' to '/Users/nisesimadao/Library/Developer/Xcode/DerivedData/Fetchy-gdfaerjzxmzqgxdabotajbhubxmw/Build/Products/Debug-iphonesimulator/Fetchy.app/Info.plist'
    note: Target 'Fetchy' (project 'Fetchy') has process command with output '/Users/nisesimadao/Library/Developer/Xcode/DerivedData/Fetchy-gdfaerjzxmzqgxdabotajbhubxmw/Build/Products/Debug-iphonesimulator/Fetchy.app/Info.plist'
ClangStatCache /Applications/Xcode.app/Contents/Developer/Toolchains/XcodeDefault.xctoolchain/usr/bin/clang-stat-cache /Applications/Xcode.app/Contents/Developer/Platforms/iPhoneSimulator.platform/Developer/SDKs/iPhoneSimulator26.2.sdk /Users/nisesimadao/Library/Developer/Xcode/DerivedData/SDKStatCaches.noindex/iphonesimulator26.2-23C53-7d00a8b37fbd7999ea79df8ebc024bf0.sdkstatcache
    cd /Users/nisesimadao/Documents/Coding/Xcode/Fetchy/Fetchy.xcodeproj
    /Applications/Xcode.app/Contents/Developer/Toolchains/XcodeDefault.xctoolchain/usr/bin/clang-stat-cache /Applications/Xcode.app/Contents/Developer/Platforms/iPhoneSimulator.platform/Developer/SDKs/iPhoneSimulator26.2.sdk -o /Users/nisesimadao/Library/Developer/Xcode/DerivedData/SDKStatCaches.noindex/iphonesimulator26.2-23C53-7d00a8b37fbd7999ea79df8ebc024bf0.sdkstatcache

warning: duplicate output file '/Users/nisesimadao/Library/Developer/Xcode/DerivedData/Fetchy-gdfaerjzxmzqgxdabotajbhubxmw/Build/Products/Debug-iphonesimulator/Fetchy.app/Info.plist' on task: ProcessInfoPlistFile /Users/nisesimadao/Library/Developer/Xcode/DerivedData/Fetchy-gdfaerjzxmzqgxdabotajbhubxmw/Build/Products/Debug-iphonesimulator/Fetchy.app/Info.plist /Users/nisesimadao/Documents/Coding/Xcode/Fetchy/Fetchy/Info.plist (in target 'Fetchy' from project 'Fetchy')
** BUILD FAILED **


The following build commands failed:
	Building project Fetchy with scheme Fetchy and configuration Debug
(1 failure)
